INFO	2022-12-30 12:53:24,624	0	ebanking	[main]	BaseUrl is passed
INFO	2022-12-30 12:53:25,049	425	ebanking	[main]	Username is entered
INFO	2022-12-30 12:53:25,130	506	ebanking	[main]	Password is entered
INFO	2022-12-30 12:53:26,453	1829	ebanking	[main]	Loginbtn clicked
INFO	2022-12-30 12:53:26,483	1859	ebanking	[main]	Testcase passed
INFO	2022-12-30 14:16:59,417	0	ebanking	[main]	BaseUrl is passed
INFO	2022-12-30 14:16:59,561	144	ebanking	[main]	Username is entered
INFO	2022-12-30 14:16:59,636	219	ebanking	[main]	Password is entered
INFO	2022-12-30 14:17:01,139	1722	ebanking	[main]	Loginbtn clicked
INFO	2022-12-30 14:17:01,149	1732	ebanking	[main]	Testcase passed
INFO	2022-12-30 15:03:17,498	0	ebanking	[main]	BaseUrl is passed
INFO	2022-12-30 15:03:17,760	262	ebanking	[main]	Username is entered
INFO	2022-12-30 15:03:17,833	335	ebanking	[main]	Password is entered
INFO	2022-12-30 15:03:19,304	1806	ebanking	[main]	Loginbtn clicked
INFO	2022-12-30 15:03:19,314	1816	ebanking	[main]	Testcase passed
INFO	2022-12-30 15:07:20,996	0	ebanking	[main]	BaseUrl is passed
INFO	2022-12-30 15:07:21,132	136	ebanking	[main]	Username is entered
INFO	2022-12-30 15:07:21,227	231	ebanking	[main]	Password is entered
INFO	2022-12-30 15:07:22,577	1581	ebanking	[main]	Loginbtn clicked
INFO	2022-12-30 15:07:22,592	1596	ebanking	[main]	Testcase passed
INFO	2023-01-02 12:57:19,728	0	ebanking	[main]	BaseUrl is passed
INFO	2023-01-02 12:57:19,864	136	ebanking	[main]	Username is entered
INFO	2023-01-02 12:57:19,946	218	ebanking	[main]	Password is entered
INFO	2023-01-02 12:57:21,559	1831	ebanking	[main]	Loginbtn clicked
INFO	2023-01-02 12:57:21,568	1840	ebanking	[main]	Testcase passed
DEBUG	2023-01-02 12:57:21,952	2224	freemarker.cache	[main]	Couldn't find template in cache for "spark/spark.spa.ftl"("en_US", UTF-8, parsed); will try to load it.
DEBUG	2023-01-02 12:57:21,954	2226	freemarker.cache	[main]	TemplateLoader.findTemplateSource("spark/spark.spa_en_US.ftl"): Not found
DEBUG	2023-01-02 12:57:21,955	2227	freemarker.cache	[main]	TemplateLoader.findTemplateSource("spark/spark.spa_en.ftl"): Not found
DEBUG	2023-01-02 12:57:21,957	2229	freemarker.cache	[main]	TemplateLoader.findTemplateSource("spark/spark.spa.ftl"): Found
DEBUG	2023-01-02 12:57:21,957	2229	freemarker.cache	[main]	Loading template for "spark/spark.spa.ftl"("en_US", UTF-8, parsed) from "jar:file:/C:/Users/user/.m2/repository/com/aventstack/extentreports/5.0.9/extentreports-5.0.9.jar!/com/aventstack/extentreports/templates/spark/spark.spa.ftl"
DEBUG	2023-01-02 12:57:22,024	2296	freemarker.cache	[main]	Couldn't find template in cache for "commons/commons-variables.ftl"("en_US", UTF-8, parsed); will try to load it.
DEBUG	2023-01-02 12:57:22,025	2297	freemarker.cache	[main]	TemplateLoader.findTemplateSource("commons/commons-variables_en_US.ftl"): Not found
DEBUG	2023-01-02 12:57:22,025	2297	freemarker.cache	[main]	TemplateLoader.findTemplateSource("commons/commons-variables_en.ftl"): Not found
DEBUG	2023-01-02 12:57:22,026	2298	freemarker.cache	[main]	TemplateLoader.findTemplateSource("commons/commons-variables.ftl"): Found
DEBUG	2023-01-02 12:57:22,026	2298	freemarker.cache	[main]	Loading template for "commons/commons-variables.ftl"("en_US", UTF-8, parsed) from "jar:file:/C:/Users/user/.m2/repository/com/aventstack/extentreports/5.0.9/extentreports-5.0.9.jar!/com/aventstack/extentreports/templates/commons/commons-variables.ftl"
DEBUG	2023-01-02 12:57:22,145	2417	freemarker.cache	[main]	Couldn't find template in cache for "commons/commons-macros.ftl"("en_US", UTF-8, parsed); will try to load it.
DEBUG	2023-01-02 12:57:22,146	2418	freemarker.cache	[main]	TemplateLoader.findTemplateSource("commons/commons-macros_en_US.ftl"): Not found
DEBUG	2023-01-02 12:57:22,146	2418	freemarker.cache	[main]	TemplateLoader.findTemplateSource("commons/commons-macros_en.ftl"): Not found
DEBUG	2023-01-02 12:57:22,147	2419	freemarker.cache	[main]	TemplateLoader.findTemplateSource("commons/commons-macros.ftl"): Found
DEBUG	2023-01-02 12:57:22,147	2419	freemarker.cache	[main]	Loading template for "commons/commons-macros.ftl"("en_US", UTF-8, parsed) from "jar:file:/C:/Users/user/.m2/repository/com/aventstack/extentreports/5.0.9/extentreports-5.0.9.jar!/com/aventstack/extentreports/templates/commons/commons-macros.ftl"
DEBUG	2023-01-02 12:57:22,154	2426	freemarker.cache	[main]	Couldn't find template in cache for "spark/macros/attributes.ftl"("en_US", UTF-8, parsed); will try to load it.
DEBUG	2023-01-02 12:57:22,154	2426	freemarker.cache	[main]	TemplateLoader.findTemplateSource("spark/macros/attributes_en_US.ftl"): Not found
DEBUG	2023-01-02 12:57:22,155	2427	freemarker.cache	[main]	TemplateLoader.findTemplateSource("spark/macros/attributes_en.ftl"): Not found
DEBUG	2023-01-02 12:57:22,155	2427	freemarker.cache	[main]	TemplateLoader.findTemplateSource("spark/macros/attributes.ftl"): Found
DEBUG	2023-01-02 12:57:22,156	2428	freemarker.cache	[main]	Loading template for "spark/macros/attributes.ftl"("en_US", UTF-8, parsed) from "jar:file:/C:/Users/user/.m2/repository/com/aventstack/extentreports/5.0.9/extentreports-5.0.9.jar!/com/aventstack/extentreports/templates/spark/macros/attributes.ftl"
DEBUG	2023-01-02 12:57:22,157	2429	freemarker.cache	[main]	Couldn't find template in cache for "spark/macros/log.ftl"("en_US", UTF-8, parsed); will try to load it.
DEBUG	2023-01-02 12:57:22,158	2430	freemarker.cache	[main]	TemplateLoader.findTemplateSource("spark/macros/log_en_US.ftl"): Not found
DEBUG	2023-01-02 12:57:22,158	2430	freemarker.cache	[main]	TemplateLoader.findTemplateSource("spark/macros/log_en.ftl"): Not found
DEBUG	2023-01-02 12:57:22,159	2431	freemarker.cache	[main]	TemplateLoader.findTemplateSource("spark/macros/log.ftl"): Found
DEBUG	2023-01-02 12:57:22,159	2431	freemarker.cache	[main]	Loading template for "spark/macros/log.ftl"("en_US", UTF-8, parsed) from "jar:file:/C:/Users/user/.m2/repository/com/aventstack/extentreports/5.0.9/extentreports-5.0.9.jar!/com/aventstack/extentreports/templates/spark/macros/log.ftl"
DEBUG	2023-01-02 12:57:22,161	2433	freemarker.cache	[main]	Couldn't find template in cache for "spark/macros/recurse_nodes.ftl"("en_US", UTF-8, parsed); will try to load it.
DEBUG	2023-01-02 12:57:22,162	2434	freemarker.cache	[main]	TemplateLoader.findTemplateSource("spark/macros/recurse_nodes_en_US.ftl"): Not found
DEBUG	2023-01-02 12:57:22,163	2435	freemarker.cache	[main]	TemplateLoader.findTemplateSource("spark/macros/recurse_nodes_en.ftl"): Not found
DEBUG	2023-01-02 12:57:22,163	2435	freemarker.cache	[main]	TemplateLoader.findTemplateSource("spark/macros/recurse_nodes.ftl"): Found
DEBUG	2023-01-02 12:57:22,164	2436	freemarker.cache	[main]	Loading template for "spark/macros/recurse_nodes.ftl"("en_US", UTF-8, parsed) from "jar:file:/C:/Users/user/.m2/repository/com/aventstack/extentreports/5.0.9/extentreports-5.0.9.jar!/com/aventstack/extentreports/templates/spark/macros/recurse_nodes.ftl"
DEBUG	2023-01-02 12:57:22,167	2439	freemarker.cache	[main]	"spark/macros/log.ftl"("en_US", UTF-8, parsed) cached copy not yet stale; using cached.
DEBUG	2023-01-02 12:57:22,167	2439	freemarker.cache	[main]	Couldn't find template in cache for "spark/macros/attr-common.ftl"("en_US", UTF-8, parsed); will try to load it.
DEBUG	2023-01-02 12:57:22,168	2440	freemarker.cache	[main]	TemplateLoader.findTemplateSource("spark/macros/attr-common_en_US.ftl"): Not found
DEBUG	2023-01-02 12:57:22,168	2440	freemarker.cache	[main]	TemplateLoader.findTemplateSource("spark/macros/attr-common_en.ftl"): Not found
DEBUG	2023-01-02 12:57:22,168	2440	freemarker.cache	[main]	TemplateLoader.findTemplateSource("spark/macros/attr-common.ftl"): Found
DEBUG	2023-01-02 12:57:22,169	2441	freemarker.cache	[main]	Loading template for "spark/macros/attr-common.ftl"("en_US", UTF-8, parsed) from "jar:file:/C:/Users/user/.m2/repository/com/aventstack/extentreports/5.0.9/extentreports-5.0.9.jar!/com/aventstack/extentreports/templates/spark/macros/attr-common.ftl"
DEBUG	2023-01-02 12:57:22,181	2453	freemarker.cache	[main]	Couldn't find template in cache for "spark/partials/head.ftl"("en_US", UTF-8, parsed); will try to load it.
DEBUG	2023-01-02 12:57:22,182	2454	freemarker.cache	[main]	TemplateLoader.findTemplateSource("spark/partials/head_en_US.ftl"): Not found
DEBUG	2023-01-02 12:57:22,182	2454	freemarker.cache	[main]	TemplateLoader.findTemplateSource("spark/partials/head_en.ftl"): Not found
DEBUG	2023-01-02 12:57:22,183	2455	freemarker.cache	[main]	TemplateLoader.findTemplateSource("spark/partials/head.ftl"): Found
DEBUG	2023-01-02 12:57:22,183	2455	freemarker.cache	[main]	Loading template for "spark/partials/head.ftl"("en_US", UTF-8, parsed) from "jar:file:/C:/Users/user/.m2/repository/com/aventstack/extentreports/5.0.9/extentreports-5.0.9.jar!/com/aventstack/extentreports/templates/spark/partials/head.ftl"
DEBUG	2023-01-02 12:57:22,189	2461	freemarker.cache	[main]	Couldn't find template in cache for "commons/commons-inject-css.ftl"("en_US", UTF-8, parsed); will try to load it.
DEBUG	2023-01-02 12:57:22,189	2461	freemarker.cache	[main]	TemplateLoader.findTemplateSource("commons/commons-inject-css_en_US.ftl"): Not found
DEBUG	2023-01-02 12:57:22,190	2462	freemarker.cache	[main]	TemplateLoader.findTemplateSource("commons/commons-inject-css_en.ftl"): Not found
DEBUG	2023-01-02 12:57:22,190	2462	freemarker.cache	[main]	TemplateLoader.findTemplateSource("commons/commons-inject-css.ftl"): Found
DEBUG	2023-01-02 12:57:22,190	2462	freemarker.cache	[main]	Loading template for "commons/commons-inject-css.ftl"("en_US", UTF-8, parsed) from "jar:file:/C:/Users/user/.m2/repository/com/aventstack/extentreports/5.0.9/extentreports-5.0.9.jar!/com/aventstack/extentreports/templates/commons/commons-inject-css.ftl"
DEBUG	2023-01-02 12:57:22,192	2464	freemarker.cache	[main]	Couldn't find template in cache for "spark/partials/navbar.ftl"("en_US", UTF-8, parsed); will try to load it.
DEBUG	2023-01-02 12:57:22,192	2464	freemarker.cache	[main]	TemplateLoader.findTemplateSource("spark/partials/navbar_en_US.ftl"): Not found
DEBUG	2023-01-02 12:57:22,193	2465	freemarker.cache	[main]	TemplateLoader.findTemplateSource("spark/partials/navbar_en.ftl"): Not found
DEBUG	2023-01-02 12:57:22,194	2466	freemarker.cache	[main]	TemplateLoader.findTemplateSource("spark/partials/navbar.ftl"): Found
DEBUG	2023-01-02 12:57:22,194	2466	freemarker.cache	[main]	Loading template for "spark/partials/navbar.ftl"("en_US", UTF-8, parsed) from "jar:file:/C:/Users/user/.m2/repository/com/aventstack/extentreports/5.0.9/extentreports-5.0.9.jar!/com/aventstack/extentreports/templates/spark/partials/navbar.ftl"
DEBUG	2023-01-02 12:57:22,204	2476	freemarker.cache	[main]	Couldn't find template in cache for "spark/partials/sidenav.ftl"("en_US", UTF-8, parsed); will try to load it.
DEBUG	2023-01-02 12:57:22,205	2477	freemarker.cache	[main]	TemplateLoader.findTemplateSource("spark/partials/sidenav_en_US.ftl"): Not found
DEBUG	2023-01-02 12:57:22,206	2478	freemarker.cache	[main]	TemplateLoader.findTemplateSource("spark/partials/sidenav_en.ftl"): Not found
DEBUG	2023-01-02 12:57:22,206	2478	freemarker.cache	[main]	TemplateLoader.findTemplateSource("spark/partials/sidenav.ftl"): Found
DEBUG	2023-01-02 12:57:22,206	2478	freemarker.cache	[main]	Loading template for "spark/partials/sidenav.ftl"("en_US", UTF-8, parsed) from "jar:file:/C:/Users/user/.m2/repository/com/aventstack/extentreports/5.0.9/extentreports-5.0.9.jar!/com/aventstack/extentreports/templates/spark/partials/sidenav.ftl"
DEBUG	2023-01-02 12:57:22,222	2494	freemarker.cache	[main]	Couldn't find template in cache for "spark/partials/test.ftl"("en_US", UTF-8, parsed); will try to load it.
DEBUG	2023-01-02 12:57:22,223	2495	freemarker.cache	[main]	TemplateLoader.findTemplateSource("spark/partials/test_en_US.ftl"): Not found
DEBUG	2023-01-02 12:57:22,223	2495	freemarker.cache	[main]	TemplateLoader.findTemplateSource("spark/partials/test_en.ftl"): Not found
DEBUG	2023-01-02 12:57:22,224	2496	freemarker.cache	[main]	TemplateLoader.findTemplateSource("spark/partials/test.ftl"): Found
DEBUG	2023-01-02 12:57:22,224	2496	freemarker.cache	[main]	Loading template for "spark/partials/test.ftl"("en_US", UTF-8, parsed) from "jar:file:/C:/Users/user/.m2/repository/com/aventstack/extentreports/5.0.9/extentreports-5.0.9.jar!/com/aventstack/extentreports/templates/spark/partials/test.ftl"
DEBUG	2023-01-02 12:57:22,250	2522	freemarker.cache	[main]	Couldn't find template in cache for "spark/partials/standard-content.ftl"("en_US", UTF-8, parsed); will try to load it.
DEBUG	2023-01-02 12:57:22,251	2523	freemarker.cache	[main]	TemplateLoader.findTemplateSource("spark/partials/standard-content_en_US.ftl"): Not found
DEBUG	2023-01-02 12:57:22,252	2524	freemarker.cache	[main]	TemplateLoader.findTemplateSource("spark/partials/standard-content_en.ftl"): Not found
DEBUG	2023-01-02 12:57:22,252	2524	freemarker.cache	[main]	TemplateLoader.findTemplateSource("spark/partials/standard-content.ftl"): Found
DEBUG	2023-01-02 12:57:22,253	2525	freemarker.cache	[main]	Loading template for "spark/partials/standard-content.ftl"("en_US", UTF-8, parsed) from "jar:file:/C:/Users/user/.m2/repository/com/aventstack/extentreports/5.0.9/extentreports-5.0.9.jar!/com/aventstack/extentreports/templates/spark/partials/standard-content.ftl"
DEBUG	2023-01-02 12:57:22,259	2531	freemarker.cache	[main]	Couldn't find template in cache for "spark/partials/exception.ftl"("en_US", UTF-8, parsed); will try to load it.
DEBUG	2023-01-02 12:57:22,260	2532	freemarker.cache	[main]	TemplateLoader.findTemplateSource("spark/partials/exception_en_US.ftl"): Not found
DEBUG	2023-01-02 12:57:22,261	2533	freemarker.cache	[main]	TemplateLoader.findTemplateSource("spark/partials/exception_en.ftl"): Not found
DEBUG	2023-01-02 12:57:22,261	2533	freemarker.cache	[main]	TemplateLoader.findTemplateSource("spark/partials/exception.ftl"): Found
DEBUG	2023-01-02 12:57:22,261	2533	freemarker.cache	[main]	Loading template for "spark/partials/exception.ftl"("en_US", UTF-8, parsed) from "jar:file:/C:/Users/user/.m2/repository/com/aventstack/extentreports/5.0.9/extentreports-5.0.9.jar!/com/aventstack/extentreports/templates/spark/partials/exception.ftl"
DEBUG	2023-01-02 12:57:22,263	2535	freemarker.cache	[main]	Couldn't find template in cache for "spark/partials/category.ftl"("en_US", UTF-8, parsed); will try to load it.
DEBUG	2023-01-02 12:57:22,264	2536	freemarker.cache	[main]	TemplateLoader.findTemplateSource("spark/partials/category_en_US.ftl"): Not found
DEBUG	2023-01-02 12:57:22,264	2536	freemarker.cache	[main]	TemplateLoader.findTemplateSource("spark/partials/category_en.ftl"): Not found
DEBUG	2023-01-02 12:57:22,265	2537	freemarker.cache	[main]	TemplateLoader.findTemplateSource("spark/partials/category.ftl"): Found
DEBUG	2023-01-02 12:57:22,265	2537	freemarker.cache	[main]	Loading template for "spark/partials/category.ftl"("en_US", UTF-8, parsed) from "jar:file:/C:/Users/user/.m2/repository/com/aventstack/extentreports/5.0.9/extentreports-5.0.9.jar!/com/aventstack/extentreports/templates/spark/partials/category.ftl"
DEBUG	2023-01-02 12:57:22,269	2541	freemarker.cache	[main]	Couldn't find template in cache for "spark/partials/device.ftl"("en_US", UTF-8, parsed); will try to load it.
DEBUG	2023-01-02 12:57:22,270	2542	freemarker.cache	[main]	TemplateLoader.findTemplateSource("spark/partials/device_en_US.ftl"): Not found
DEBUG	2023-01-02 12:57:22,271	2543	freemarker.cache	[main]	TemplateLoader.findTemplateSource("spark/partials/device_en.ftl"): Not found
DEBUG	2023-01-02 12:57:22,271	2543	freemarker.cache	[main]	TemplateLoader.findTemplateSource("spark/partials/device.ftl"): Found
DEBUG	2023-01-02 12:57:22,271	2543	freemarker.cache	[main]	Loading template for "spark/partials/device.ftl"("en_US", UTF-8, parsed) from "jar:file:/C:/Users/user/.m2/repository/com/aventstack/extentreports/5.0.9/extentreports-5.0.9.jar!/com/aventstack/extentreports/templates/spark/partials/device.ftl"
DEBUG	2023-01-02 12:57:22,273	2545	freemarker.cache	[main]	Couldn't find template in cache for "spark/partials/author.ftl"("en_US", UTF-8, parsed); will try to load it.
DEBUG	2023-01-02 12:57:22,274	2546	freemarker.cache	[main]	TemplateLoader.findTemplateSource("spark/partials/author_en_US.ftl"): Not found
DEBUG	2023-01-02 12:57:22,274	2546	freemarker.cache	[main]	TemplateLoader.findTemplateSource("spark/partials/author_en.ftl"): Not found
DEBUG	2023-01-02 12:57:22,275	2547	freemarker.cache	[main]	TemplateLoader.findTemplateSource("spark/partials/author.ftl"): Found
DEBUG	2023-01-02 12:57:22,275	2547	freemarker.cache	[main]	Loading template for "spark/partials/author.ftl"("en_US", UTF-8, parsed) from "jar:file:/C:/Users/user/.m2/repository/com/aventstack/extentreports/5.0.9/extentreports-5.0.9.jar!/com/aventstack/extentreports/templates/spark/partials/author.ftl"
DEBUG	2023-01-02 12:57:22,277	2549	freemarker.cache	[main]	Couldn't find template in cache for "spark/partials/log.ftl"("en_US", UTF-8, parsed); will try to load it.
DEBUG	2023-01-02 12:57:22,277	2549	freemarker.cache	[main]	TemplateLoader.findTemplateSource("spark/partials/log_en_US.ftl"): Not found
DEBUG	2023-01-02 12:57:22,278	2550	freemarker.cache	[main]	TemplateLoader.findTemplateSource("spark/partials/log_en.ftl"): Not found
DEBUG	2023-01-02 12:57:22,279	2551	freemarker.cache	[main]	TemplateLoader.findTemplateSource("spark/partials/log.ftl"): Found
DEBUG	2023-01-02 12:57:22,279	2551	freemarker.cache	[main]	Loading template for "spark/partials/log.ftl"("en_US", UTF-8, parsed) from "jar:file:/C:/Users/user/.m2/repository/com/aventstack/extentreports/5.0.9/extentreports-5.0.9.jar!/com/aventstack/extentreports/templates/spark/partials/log.ftl"
DEBUG	2023-01-02 12:57:22,280	2552	freemarker.cache	[main]	Couldn't find template in cache for "spark/partials/dashboard.ftl"("en_US", UTF-8, parsed); will try to load it.
DEBUG	2023-01-02 12:57:22,281	2553	freemarker.cache	[main]	TemplateLoader.findTemplateSource("spark/partials/dashboard_en_US.ftl"): Not found
DEBUG	2023-01-02 12:57:22,281	2553	freemarker.cache	[main]	TemplateLoader.findTemplateSource("spark/partials/dashboard_en.ftl"): Not found
DEBUG	2023-01-02 12:57:22,282	2554	freemarker.cache	[main]	TemplateLoader.findTemplateSource("spark/partials/dashboard.ftl"): Found
DEBUG	2023-01-02 12:57:22,282	2554	freemarker.cache	[main]	Loading template for "spark/partials/dashboard.ftl"("en_US", UTF-8, parsed) from "jar:file:/C:/Users/user/.m2/repository/com/aventstack/extentreports/5.0.9/extentreports-5.0.9.jar!/com/aventstack/extentreports/templates/spark/partials/dashboard.ftl"
DEBUG	2023-01-02 12:57:22,330	2602	freemarker.cache	[main]	Couldn't find template in cache for "spark/partials/scripts.ftl"("en_US", UTF-8, parsed); will try to load it.
DEBUG	2023-01-02 12:57:22,330	2602	freemarker.cache	[main]	TemplateLoader.findTemplateSource("spark/partials/scripts_en_US.ftl"): Not found
DEBUG	2023-01-02 12:57:22,331	2603	freemarker.cache	[main]	TemplateLoader.findTemplateSource("spark/partials/scripts_en.ftl"): Not found
DEBUG	2023-01-02 12:57:22,331	2603	freemarker.cache	[main]	TemplateLoader.findTemplateSource("spark/partials/scripts.ftl"): Found
DEBUG	2023-01-02 12:57:22,331	2603	freemarker.cache	[main]	Loading template for "spark/partials/scripts.ftl"("en_US", UTF-8, parsed) from "jar:file:/C:/Users/user/.m2/repository/com/aventstack/extentreports/5.0.9/extentreports-5.0.9.jar!/com/aventstack/extentreports/templates/spark/partials/scripts.ftl"
DEBUG	2023-01-02 12:57:22,334	2606	freemarker.cache	[main]	Couldn't find template in cache for "commons/commons-inject-js.ftl"("en_US", UTF-8, parsed); will try to load it.
DEBUG	2023-01-02 12:57:22,334	2606	freemarker.cache	[main]	TemplateLoader.findTemplateSource("commons/commons-inject-js_en_US.ftl"): Not found
DEBUG	2023-01-02 12:57:22,335	2607	freemarker.cache	[main]	TemplateLoader.findTemplateSource("commons/commons-inject-js_en.ftl"): Not found
DEBUG	2023-01-02 12:57:22,335	2607	freemarker.cache	[main]	TemplateLoader.findTemplateSource("commons/commons-inject-js.ftl"): Found
DEBUG	2023-01-02 12:57:22,336	2608	freemarker.cache	[main]	Loading template for "commons/commons-inject-js.ftl"("en_US", UTF-8, parsed) from "jar:file:/C:/Users/user/.m2/repository/com/aventstack/extentreports/5.0.9/extentreports-5.0.9.jar!/com/aventstack/extentreports/templates/commons/commons-inject-js.ftl"
INFO	2023-01-02 13:42:18,836	0	ebanking	[main]	BaseUrl is passed
INFO	2023-01-02 13:42:19,001	165	ebanking	[main]	Username is entered
INFO	2023-01-02 13:42:19,107	271	ebanking	[main]	Password is entered
INFO	2023-01-02 13:42:20,482	1646	ebanking	[main]	Loginbtn clicked
INFO	2023-01-02 13:42:20,492	1656	ebanking	[main]	Testcase passed
DEBUG	2023-01-02 13:42:20,869	2033	freemarker.cache	[main]	Couldn't find template in cache for "spark/spark.spa.ftl"("en_US", UTF-8, parsed); will try to load it.
DEBUG	2023-01-02 13:42:20,870	2034	freemarker.cache	[main]	TemplateLoader.findTemplateSource("spark/spark.spa_en_US.ftl"): Not found
DEBUG	2023-01-02 13:42:20,872	2036	freemarker.cache	[main]	TemplateLoader.findTemplateSource("spark/spark.spa_en.ftl"): Not found
DEBUG	2023-01-02 13:42:20,874	2038	freemarker.cache	[main]	TemplateLoader.findTemplateSource("spark/spark.spa.ftl"): Found
DEBUG	2023-01-02 13:42:20,874	2038	freemarker.cache	[main]	Loading template for "spark/spark.spa.ftl"("en_US", UTF-8, parsed) from "jar:file:/C:/Users/user/.m2/repository/com/aventstack/extentreports/5.0.9/extentreports-5.0.9.jar!/com/aventstack/extentreports/templates/spark/spark.spa.ftl"
DEBUG	2023-01-02 13:42:20,949	2113	freemarker.cache	[main]	Couldn't find template in cache for "commons/commons-variables.ftl"("en_US", UTF-8, parsed); will try to load it.
DEBUG	2023-01-02 13:42:20,950	2114	freemarker.cache	[main]	TemplateLoader.findTemplateSource("commons/commons-variables_en_US.ftl"): Not found
DEBUG	2023-01-02 13:42:20,950	2114	freemarker.cache	[main]	TemplateLoader.findTemplateSource("commons/commons-variables_en.ftl"): Not found
DEBUG	2023-01-02 13:42:20,951	2115	freemarker.cache	[main]	TemplateLoader.findTemplateSource("commons/commons-variables.ftl"): Found
DEBUG	2023-01-02 13:42:20,951	2115	freemarker.cache	[main]	Loading template for "commons/commons-variables.ftl"("en_US", UTF-8, parsed) from "jar:file:/C:/Users/user/.m2/repository/com/aventstack/extentreports/5.0.9/extentreports-5.0.9.jar!/com/aventstack/extentreports/templates/commons/commons-variables.ftl"
DEBUG	2023-01-02 13:42:21,079	2243	freemarker.cache	[main]	Couldn't find template in cache for "commons/commons-macros.ftl"("en_US", UTF-8, parsed); will try to load it.
DEBUG	2023-01-02 13:42:21,080	2244	freemarker.cache	[main]	TemplateLoader.findTemplateSource("commons/commons-macros_en_US.ftl"): Not found
DEBUG	2023-01-02 13:42:21,081	2245	freemarker.cache	[main]	TemplateLoader.findTemplateSource("commons/commons-macros_en.ftl"): Not found
DEBUG	2023-01-02 13:42:21,081	2245	freemarker.cache	[main]	TemplateLoader.findTemplateSource("commons/commons-macros.ftl"): Found
DEBUG	2023-01-02 13:42:21,081	2245	freemarker.cache	[main]	Loading template for "commons/commons-macros.ftl"("en_US", UTF-8, parsed) from "jar:file:/C:/Users/user/.m2/repository/com/aventstack/extentreports/5.0.9/extentreports-5.0.9.jar!/com/aventstack/extentreports/templates/commons/commons-macros.ftl"
DEBUG	2023-01-02 13:42:21,088	2252	freemarker.cache	[main]	Couldn't find template in cache for "spark/macros/attributes.ftl"("en_US", UTF-8, parsed); will try to load it.
DEBUG	2023-01-02 13:42:21,089	2253	freemarker.cache	[main]	TemplateLoader.findTemplateSource("spark/macros/attributes_en_US.ftl"): Not found
DEBUG	2023-01-02 13:42:21,089	2253	freemarker.cache	[main]	TemplateLoader.findTemplateSource("spark/macros/attributes_en.ftl"): Not found
DEBUG	2023-01-02 13:42:21,090	2254	freemarker.cache	[main]	TemplateLoader.findTemplateSource("spark/macros/attributes.ftl"): Found
DEBUG	2023-01-02 13:42:21,090	2254	freemarker.cache	[main]	Loading template for "spark/macros/attributes.ftl"("en_US", UTF-8, parsed) from "jar:file:/C:/Users/user/.m2/repository/com/aventstack/extentreports/5.0.9/extentreports-5.0.9.jar!/com/aventstack/extentreports/templates/spark/macros/attributes.ftl"
DEBUG	2023-01-02 13:42:21,094	2258	freemarker.cache	[main]	Couldn't find template in cache for "spark/macros/log.ftl"("en_US", UTF-8, parsed); will try to load it.
DEBUG	2023-01-02 13:42:21,094	2258	freemarker.cache	[main]	TemplateLoader.findTemplateSource("spark/macros/log_en_US.ftl"): Not found
DEBUG	2023-01-02 13:42:21,095	2259	freemarker.cache	[main]	TemplateLoader.findTemplateSource("spark/macros/log_en.ftl"): Not found
DEBUG	2023-01-02 13:42:21,095	2259	freemarker.cache	[main]	TemplateLoader.findTemplateSource("spark/macros/log.ftl"): Found
DEBUG	2023-01-02 13:42:21,095	2259	freemarker.cache	[main]	Loading template for "spark/macros/log.ftl"("en_US", UTF-8, parsed) from "jar:file:/C:/Users/user/.m2/repository/com/aventstack/extentreports/5.0.9/extentreports-5.0.9.jar!/com/aventstack/extentreports/templates/spark/macros/log.ftl"
DEBUG	2023-01-02 13:42:21,097	2261	freemarker.cache	[main]	Couldn't find template in cache for "spark/macros/recurse_nodes.ftl"("en_US", UTF-8, parsed); will try to load it.
DEBUG	2023-01-02 13:42:21,098	2262	freemarker.cache	[main]	TemplateLoader.findTemplateSource("spark/macros/recurse_nodes_en_US.ftl"): Not found
DEBUG	2023-01-02 13:42:21,099	2263	freemarker.cache	[main]	TemplateLoader.findTemplateSource("spark/macros/recurse_nodes_en.ftl"): Not found
DEBUG	2023-01-02 13:42:21,099	2263	freemarker.cache	[main]	TemplateLoader.findTemplateSource("spark/macros/recurse_nodes.ftl"): Found
DEBUG	2023-01-02 13:42:21,099	2263	freemarker.cache	[main]	Loading template for "spark/macros/recurse_nodes.ftl"("en_US", UTF-8, parsed) from "jar:file:/C:/Users/user/.m2/repository/com/aventstack/extentreports/5.0.9/extentreports-5.0.9.jar!/com/aventstack/extentreports/templates/spark/macros/recurse_nodes.ftl"
DEBUG	2023-01-02 13:42:21,102	2266	freemarker.cache	[main]	"spark/macros/log.ftl"("en_US", UTF-8, parsed) cached copy not yet stale; using cached.
DEBUG	2023-01-02 13:42:21,102	2266	freemarker.cache	[main]	Couldn't find template in cache for "spark/macros/attr-common.ftl"("en_US", UTF-8, parsed); will try to load it.
DEBUG	2023-01-02 13:42:21,103	2267	freemarker.cache	[main]	TemplateLoader.findTemplateSource("spark/macros/attr-common_en_US.ftl"): Not found
DEBUG	2023-01-02 13:42:21,103	2267	freemarker.cache	[main]	TemplateLoader.findTemplateSource("spark/macros/attr-common_en.ftl"): Not found
DEBUG	2023-01-02 13:42:21,103	2267	freemarker.cache	[main]	TemplateLoader.findTemplateSource("spark/macros/attr-common.ftl"): Found
DEBUG	2023-01-02 13:42:21,104	2268	freemarker.cache	[main]	Loading template for "spark/macros/attr-common.ftl"("en_US", UTF-8, parsed) from "jar:file:/C:/Users/user/.m2/repository/com/aventstack/extentreports/5.0.9/extentreports-5.0.9.jar!/com/aventstack/extentreports/templates/spark/macros/attr-common.ftl"
DEBUG	2023-01-02 13:42:21,113	2277	freemarker.cache	[main]	Couldn't find template in cache for "spark/partials/head.ftl"("en_US", UTF-8, parsed); will try to load it.
DEBUG	2023-01-02 13:42:21,113	2277	freemarker.cache	[main]	TemplateLoader.findTemplateSource("spark/partials/head_en_US.ftl"): Not found
DEBUG	2023-01-02 13:42:21,114	2278	freemarker.cache	[main]	TemplateLoader.findTemplateSource("spark/partials/head_en.ftl"): Not found
DEBUG	2023-01-02 13:42:21,114	2278	freemarker.cache	[main]	TemplateLoader.findTemplateSource("spark/partials/head.ftl"): Found
DEBUG	2023-01-02 13:42:21,114	2278	freemarker.cache	[main]	Loading template for "spark/partials/head.ftl"("en_US", UTF-8, parsed) from "jar:file:/C:/Users/user/.m2/repository/com/aventstack/extentreports/5.0.9/extentreports-5.0.9.jar!/com/aventstack/extentreports/templates/spark/partials/head.ftl"
DEBUG	2023-01-02 13:42:21,118	2282	freemarker.cache	[main]	Couldn't find template in cache for "commons/commons-inject-css.ftl"("en_US", UTF-8, parsed); will try to load it.
DEBUG	2023-01-02 13:42:21,119	2283	freemarker.cache	[main]	TemplateLoader.findTemplateSource("commons/commons-inject-css_en_US.ftl"): Not found
DEBUG	2023-01-02 13:42:21,119	2283	freemarker.cache	[main]	TemplateLoader.findTemplateSource("commons/commons-inject-css_en.ftl"): Not found
DEBUG	2023-01-02 13:42:21,120	2284	freemarker.cache	[main]	TemplateLoader.findTemplateSource("commons/commons-inject-css.ftl"): Found
DEBUG	2023-01-02 13:42:21,120	2284	freemarker.cache	[main]	Loading template for "commons/commons-inject-css.ftl"("en_US", UTF-8, parsed) from "jar:file:/C:/Users/user/.m2/repository/com/aventstack/extentreports/5.0.9/extentreports-5.0.9.jar!/com/aventstack/extentreports/templates/commons/commons-inject-css.ftl"
DEBUG	2023-01-02 13:42:21,121	2285	freemarker.cache	[main]	Couldn't find template in cache for "spark/partials/navbar.ftl"("en_US", UTF-8, parsed); will try to load it.
DEBUG	2023-01-02 13:42:21,122	2286	freemarker.cache	[main]	TemplateLoader.findTemplateSource("spark/partials/navbar_en_US.ftl"): Not found
DEBUG	2023-01-02 13:42:21,122	2286	freemarker.cache	[main]	TemplateLoader.findTemplateSource("spark/partials/navbar_en.ftl"): Not found
DEBUG	2023-01-02 13:42:21,123	2287	freemarker.cache	[main]	TemplateLoader.findTemplateSource("spark/partials/navbar.ftl"): Found
DEBUG	2023-01-02 13:42:21,123	2287	freemarker.cache	[main]	Loading template for "spark/partials/navbar.ftl"("en_US", UTF-8, parsed) from "jar:file:/C:/Users/user/.m2/repository/com/aventstack/extentreports/5.0.9/extentreports-5.0.9.jar!/com/aventstack/extentreports/templates/spark/partials/navbar.ftl"
DEBUG	2023-01-02 13:42:21,132	2296	freemarker.cache	[main]	Couldn't find template in cache for "spark/partials/sidenav.ftl"("en_US", UTF-8, parsed); will try to load it.
DEBUG	2023-01-02 13:42:21,133	2297	freemarker.cache	[main]	TemplateLoader.findTemplateSource("spark/partials/sidenav_en_US.ftl"): Not found
DEBUG	2023-01-02 13:42:21,133	2297	freemarker.cache	[main]	TemplateLoader.findTemplateSource("spark/partials/sidenav_en.ftl"): Not found
DEBUG	2023-01-02 13:42:21,134	2298	freemarker.cache	[main]	TemplateLoader.findTemplateSource("spark/partials/sidenav.ftl"): Found
DEBUG	2023-01-02 13:42:21,134	2298	freemarker.cache	[main]	Loading template for "spark/partials/sidenav.ftl"("en_US", UTF-8, parsed) from "jar:file:/C:/Users/user/.m2/repository/com/aventstack/extentreports/5.0.9/extentreports-5.0.9.jar!/com/aventstack/extentreports/templates/spark/partials/sidenav.ftl"
DEBUG	2023-01-02 13:42:21,153	2317	freemarker.cache	[main]	Couldn't find template in cache for "spark/partials/test.ftl"("en_US", UTF-8, parsed); will try to load it.
DEBUG	2023-01-02 13:42:21,154	2318	freemarker.cache	[main]	TemplateLoader.findTemplateSource("spark/partials/test_en_US.ftl"): Not found
DEBUG	2023-01-02 13:42:21,155	2319	freemarker.cache	[main]	TemplateLoader.findTemplateSource("spark/partials/test_en.ftl"): Not found
DEBUG	2023-01-02 13:42:21,155	2319	freemarker.cache	[main]	TemplateLoader.findTemplateSource("spark/partials/test.ftl"): Found
DEBUG	2023-01-02 13:42:21,156	2320	freemarker.cache	[main]	Loading template for "spark/partials/test.ftl"("en_US", UTF-8, parsed) from "jar:file:/C:/Users/user/.m2/repository/com/aventstack/extentreports/5.0.9/extentreports-5.0.9.jar!/com/aventstack/extentreports/templates/spark/partials/test.ftl"
DEBUG	2023-01-02 13:42:21,189	2353	freemarker.cache	[main]	Couldn't find template in cache for "spark/partials/standard-content.ftl"("en_US", UTF-8, parsed); will try to load it.
DEBUG	2023-01-02 13:42:21,189	2353	freemarker.cache	[main]	TemplateLoader.findTemplateSource("spark/partials/standard-content_en_US.ftl"): Not found
DEBUG	2023-01-02 13:42:21,190	2354	freemarker.cache	[main]	TemplateLoader.findTemplateSource("spark/partials/standard-content_en.ftl"): Not found
DEBUG	2023-01-02 13:42:21,191	2355	freemarker.cache	[main]	TemplateLoader.findTemplateSource("spark/partials/standard-content.ftl"): Found
DEBUG	2023-01-02 13:42:21,191	2355	freemarker.cache	[main]	Loading template for "spark/partials/standard-content.ftl"("en_US", UTF-8, parsed) from "jar:file:/C:/Users/user/.m2/repository/com/aventstack/extentreports/5.0.9/extentreports-5.0.9.jar!/com/aventstack/extentreports/templates/spark/partials/standard-content.ftl"
DEBUG	2023-01-02 13:42:21,200	2364	freemarker.cache	[main]	Couldn't find template in cache for "spark/partials/exception.ftl"("en_US", UTF-8, parsed); will try to load it.
DEBUG	2023-01-02 13:42:21,200	2364	freemarker.cache	[main]	TemplateLoader.findTemplateSource("spark/partials/exception_en_US.ftl"): Not found
DEBUG	2023-01-02 13:42:21,201	2365	freemarker.cache	[main]	TemplateLoader.findTemplateSource("spark/partials/exception_en.ftl"): Not found
DEBUG	2023-01-02 13:42:21,202	2366	freemarker.cache	[main]	TemplateLoader.findTemplateSource("spark/partials/exception.ftl"): Found
DEBUG	2023-01-02 13:42:21,202	2366	freemarker.cache	[main]	Loading template for "spark/partials/exception.ftl"("en_US", UTF-8, parsed) from "jar:file:/C:/Users/user/.m2/repository/com/aventstack/extentreports/5.0.9/extentreports-5.0.9.jar!/com/aventstack/extentreports/templates/spark/partials/exception.ftl"
DEBUG	2023-01-02 13:42:21,203	2367	freemarker.cache	[main]	Couldn't find template in cache for "spark/partials/category.ftl"("en_US", UTF-8, parsed); will try to load it.
DEBUG	2023-01-02 13:42:21,204	2368	freemarker.cache	[main]	TemplateLoader.findTemplateSource("spark/partials/category_en_US.ftl"): Not found
DEBUG	2023-01-02 13:42:21,204	2368	freemarker.cache	[main]	TemplateLoader.findTemplateSource("spark/partials/category_en.ftl"): Not found
DEBUG	2023-01-02 13:42:21,205	2369	freemarker.cache	[main]	TemplateLoader.findTemplateSource("spark/partials/category.ftl"): Found
DEBUG	2023-01-02 13:42:21,205	2369	freemarker.cache	[main]	Loading template for "spark/partials/category.ftl"("en_US", UTF-8, parsed) from "jar:file:/C:/Users/user/.m2/repository/com/aventstack/extentreports/5.0.9/extentreports-5.0.9.jar!/com/aventstack/extentreports/templates/spark/partials/category.ftl"
DEBUG	2023-01-02 13:42:21,210	2374	freemarker.cache	[main]	Couldn't find template in cache for "spark/partials/device.ftl"("en_US", UTF-8, parsed); will try to load it.
DEBUG	2023-01-02 13:42:21,211	2375	freemarker.cache	[main]	TemplateLoader.findTemplateSource("spark/partials/device_en_US.ftl"): Not found
DEBUG	2023-01-02 13:42:21,211	2375	freemarker.cache	[main]	TemplateLoader.findTemplateSource("spark/partials/device_en.ftl"): Not found
DEBUG	2023-01-02 13:42:21,212	2376	freemarker.cache	[main]	TemplateLoader.findTemplateSource("spark/partials/device.ftl"): Found
DEBUG	2023-01-02 13:42:21,212	2376	freemarker.cache	[main]	Loading template for "spark/partials/device.ftl"("en_US", UTF-8, parsed) from "jar:file:/C:/Users/user/.m2/repository/com/aventstack/extentreports/5.0.9/extentreports-5.0.9.jar!/com/aventstack/extentreports/templates/spark/partials/device.ftl"
DEBUG	2023-01-02 13:42:21,215	2379	freemarker.cache	[main]	Couldn't find template in cache for "spark/partials/author.ftl"("en_US", UTF-8, parsed); will try to load it.
DEBUG	2023-01-02 13:42:21,215	2379	freemarker.cache	[main]	TemplateLoader.findTemplateSource("spark/partials/author_en_US.ftl"): Not found
DEBUG	2023-01-02 13:42:21,216	2380	freemarker.cache	[main]	TemplateLoader.findTemplateSource("spark/partials/author_en.ftl"): Not found
DEBUG	2023-01-02 13:42:21,217	2381	freemarker.cache	[main]	TemplateLoader.findTemplateSource("spark/partials/author.ftl"): Found
DEBUG	2023-01-02 13:42:21,217	2381	freemarker.cache	[main]	Loading template for "spark/partials/author.ftl"("en_US", UTF-8, parsed) from "jar:file:/C:/Users/user/.m2/repository/com/aventstack/extentreports/5.0.9/extentreports-5.0.9.jar!/com/aventstack/extentreports/templates/spark/partials/author.ftl"
DEBUG	2023-01-02 13:42:21,220	2384	freemarker.cache	[main]	Couldn't find template in cache for "spark/partials/log.ftl"("en_US", UTF-8, parsed); will try to load it.
DEBUG	2023-01-02 13:42:21,221	2385	freemarker.cache	[main]	TemplateLoader.findTemplateSource("spark/partials/log_en_US.ftl"): Not found
DEBUG	2023-01-02 13:42:21,221	2385	freemarker.cache	[main]	TemplateLoader.findTemplateSource("spark/partials/log_en.ftl"): Not found
DEBUG	2023-01-02 13:42:21,222	2386	freemarker.cache	[main]	TemplateLoader.findTemplateSource("spark/partials/log.ftl"): Found
DEBUG	2023-01-02 13:42:21,222	2386	freemarker.cache	[main]	Loading template for "spark/partials/log.ftl"("en_US", UTF-8, parsed) from "jar:file:/C:/Users/user/.m2/repository/com/aventstack/extentreports/5.0.9/extentreports-5.0.9.jar!/com/aventstack/extentreports/templates/spark/partials/log.ftl"
DEBUG	2023-01-02 13:42:21,224	2388	freemarker.cache	[main]	Couldn't find template in cache for "spark/partials/dashboard.ftl"("en_US", UTF-8, parsed); will try to load it.
DEBUG	2023-01-02 13:42:21,225	2389	freemarker.cache	[main]	TemplateLoader.findTemplateSource("spark/partials/dashboard_en_US.ftl"): Not found
DEBUG	2023-01-02 13:42:21,226	2390	freemarker.cache	[main]	TemplateLoader.findTemplateSource("spark/partials/dashboard_en.ftl"): Not found
DEBUG	2023-01-02 13:42:21,227	2391	freemarker.cache	[main]	TemplateLoader.findTemplateSource("spark/partials/dashboard.ftl"): Found
DEBUG	2023-01-02 13:42:21,227	2391	freemarker.cache	[main]	Loading template for "spark/partials/dashboard.ftl"("en_US", UTF-8, parsed) from "jar:file:/C:/Users/user/.m2/repository/com/aventstack/extentreports/5.0.9/extentreports-5.0.9.jar!/com/aventstack/extentreports/templates/spark/partials/dashboard.ftl"
DEBUG	2023-01-02 13:42:21,270	2434	freemarker.cache	[main]	Couldn't find template in cache for "spark/partials/scripts.ftl"("en_US", UTF-8, parsed); will try to load it.
DEBUG	2023-01-02 13:42:21,271	2435	freemarker.cache	[main]	TemplateLoader.findTemplateSource("spark/partials/scripts_en_US.ftl"): Not found
DEBUG	2023-01-02 13:42:21,272	2436	freemarker.cache	[main]	TemplateLoader.findTemplateSource("spark/partials/scripts_en.ftl"): Not found
DEBUG	2023-01-02 13:42:21,272	2436	freemarker.cache	[main]	TemplateLoader.findTemplateSource("spark/partials/scripts.ftl"): Found
DEBUG	2023-01-02 13:42:21,272	2436	freemarker.cache	[main]	Loading template for "spark/partials/scripts.ftl"("en_US", UTF-8, parsed) from "jar:file:/C:/Users/user/.m2/repository/com/aventstack/extentreports/5.0.9/extentreports-5.0.9.jar!/com/aventstack/extentreports/templates/spark/partials/scripts.ftl"
DEBUG	2023-01-02 13:42:21,274	2438	freemarker.cache	[main]	Couldn't find template in cache for "commons/commons-inject-js.ftl"("en_US", UTF-8, parsed); will try to load it.
DEBUG	2023-01-02 13:42:21,275	2439	freemarker.cache	[main]	TemplateLoader.findTemplateSource("commons/commons-inject-js_en_US.ftl"): Not found
DEBUG	2023-01-02 13:42:21,276	2440	freemarker.cache	[main]	TemplateLoader.findTemplateSource("commons/commons-inject-js_en.ftl"): Not found
DEBUG	2023-01-02 13:42:21,277	2441	freemarker.cache	[main]	TemplateLoader.findTemplateSource("commons/commons-inject-js.ftl"): Found
DEBUG	2023-01-02 13:42:21,278	2442	freemarker.cache	[main]	Loading template for "commons/commons-inject-js.ftl"("en_US", UTF-8, parsed) from "jar:file:/C:/Users/user/.m2/repository/com/aventstack/extentreports/5.0.9/extentreports-5.0.9.jar!/com/aventstack/extentreports/templates/commons/commons-inject-js.ftl"
INFO	2023-01-02 13:43:55,031	0	ebanking	[main]	BaseUrl is passed
INFO	2023-01-02 13:43:55,161	130	ebanking	[main]	Username is entered
INFO	2023-01-02 13:43:55,249	218	ebanking	[main]	Password is entered
INFO	2023-01-02 13:43:56,367	1336	ebanking	[main]	Loginbtn clicked
INFO	2023-01-02 13:43:56,378	1347	ebanking	[main]	Testcase passed
INFO	2023-01-02 13:50:11,674	0	ebanking	[main]	BaseUrl is passed
INFO	2023-01-02 13:50:11,806	132	ebanking	[main]	Username is entered
INFO	2023-01-02 13:50:11,887	213	ebanking	[main]	Password is entered
INFO	2023-01-02 13:50:13,252	1578	ebanking	[main]	Loginbtn clicked
INFO	2023-01-02 13:50:13,262	1588	ebanking	[main]	Testcase passed
INFO	2023-01-02 14:45:20,894	0	ebanking	[main]	BaseUrl is passed
INFO	2023-01-02 14:45:21,018	124	ebanking	[main]	Username is entered
INFO	2023-01-02 14:45:21,094	200	ebanking	[main]	Password is entered
INFO	2023-01-02 14:45:24,913	4019	ebanking	[main]	Loginbtn clicked
INFO	2023-01-03 13:01:31,078	0	ebanking	[main]	Username entered
INFO	2023-01-03 13:01:31,171	93	ebanking	[main]	Password entered
WARN	2023-01-03 13:01:35,311	4233	ebanking	[main]	Login Passed
INFO	2023-01-03 13:01:40,688	9610	ebanking	[main]	Username entered
INFO	2023-01-03 13:01:40,759	9681	ebanking	[main]	Password entered
INFO	2023-01-03 13:01:45,797	14719	ebanking	[main]	Username entered
INFO	2023-01-03 13:01:45,864	14786	ebanking	[main]	Password entered
INFO	2023-01-03 13:01:51,440	20362	ebanking	[main]	Username entered
INFO	2023-01-03 13:01:51,635	20557	ebanking	[main]	Password entered
INFO	2023-01-03 13:01:57,002	25924	ebanking	[main]	Username entered
INFO	2023-01-03 13:01:57,068	25990	ebanking	[main]	Password entered
INFO	2023-01-03 13:02:02,478	31400	ebanking	[main]	Username entered
INFO	2023-01-03 13:02:02,541	31463	ebanking	[main]	Password entered
WARN	2023-01-03 13:02:06,598	35520	ebanking	[main]	Login Passed
INFO	2023-01-03 13:02:12,879	41801	ebanking	[main]	Username entered
INFO	2023-01-03 13:02:12,942	41864	ebanking	[main]	Password entered
INFO	2023-01-03 13:02:17,990	46912	ebanking	[main]	Username entered
INFO	2023-01-03 13:02:18,059	46981	ebanking	[main]	Password entered
INFO	2023-01-03 13:57:05,462	0	ebanking	[main]	Username entered
INFO	2023-01-03 13:57:05,579	117	ebanking	[main]	Password entered
WARN	2023-01-03 13:57:10,725	5263	ebanking	[main]	Login Passed
INFO	2023-01-03 13:57:16,858	11396	ebanking	[main]	Username entered
INFO	2023-01-03 13:57:16,957	11495	ebanking	[main]	Password entered
INFO	2023-01-03 13:57:22,871	17409	ebanking	[main]	Username entered
INFO	2023-01-03 13:57:22,937	17475	ebanking	[main]	Password entered
INFO	2023-01-03 13:57:28,726	23264	ebanking	[main]	Username entered
INFO	2023-01-03 13:57:28,787	23325	ebanking	[main]	Password entered
INFO	2023-01-03 13:57:34,105	28643	ebanking	[main]	Username entered
INFO	2023-01-03 13:57:34,205	28743	ebanking	[main]	Password entered
INFO	2023-01-03 13:57:39,400	33938	ebanking	[main]	Username entered
INFO	2023-01-03 13:57:39,480	34018	ebanking	[main]	Password entered
WARN	2023-01-03 13:57:43,526	38064	ebanking	[main]	Login Passed
INFO	2023-01-03 13:57:49,521	44059	ebanking	[main]	Username entered
INFO	2023-01-03 13:57:49,589	44127	ebanking	[main]	Password entered
INFO	2023-01-03 13:57:54,959	49497	ebanking	[main]	Username entered
INFO	2023-01-03 13:57:55,025	49563	ebanking	[main]	Password entered
INFO	2023-01-03 16:31:50,117	0	ebanking	[main]	Username entered
INFO	2023-01-03 16:31:50,218	101	ebanking	[main]	Password entered
INFO	2023-01-03 16:37:43,908	0	ebanking	[main]	Username entered
INFO	2023-01-03 16:37:43,995	87	ebanking	[main]	Password entered
INFO	2023-01-03 16:39:40,684	0	ebanking	[main]	Username entered
INFO	2023-01-03 16:39:40,769	85	ebanking	[main]	Password entered
INFO	2023-01-03 16:47:30,722	0	ebanking	[main]	Username entered
INFO	2023-01-03 16:47:30,823	101	ebanking	[main]	Password entered
INFO	2023-01-03 16:47:36,528	5806	ebanking	[main]	Providing customer details...
INFO	2023-01-03 16:47:40,826	10104	ebanking	[main]	Validation started...
INFO	2023-01-03 16:49:54,222	0	ebanking	[main]	Username entered
INFO	2023-01-03 16:49:54,312	90	ebanking	[main]	Password entered
INFO	2023-01-03 16:49:59,961	5739	ebanking	[main]	Providing customer details...
INFO	2023-01-03 16:50:04,553	10331	ebanking	[main]	Validation started...
INFO	2023-01-03 16:54:23,464	1	ebanking	[main]	Username entered
INFO	2023-01-03 16:54:23,562	99	ebanking	[main]	Password entered
INFO	2023-01-03 16:54:29,155	5692	ebanking	[main]	Providing customer details...
INFO	2023-01-03 16:54:33,806	10343	ebanking	[main]	Validation started...
INFO	2023-01-03 16:57:24,927	0	ebanking	[main]	Username entered
INFO	2023-01-03 16:57:25,064	137	ebanking	[main]	Password entered
INFO	2023-01-03 16:57:31,099	6172	ebanking	[main]	Providing customer details...
INFO	2023-01-03 16:57:35,741	10814	ebanking	[main]	Validation started...
INFO	2023-01-03 16:58:38,729	0	ebanking	[main]	Username entered
INFO	2023-01-03 16:58:38,871	142	ebanking	[main]	Password entered
INFO	2023-01-03 16:58:45,179	6450	ebanking	[main]	Providing customer details...
INFO	2023-01-03 16:58:51,662	12933	ebanking	[main]	Validation started...
INFO	2023-01-03 16:58:51,728	12999	ebanking	[main]	Testcase passes
INFO	2023-01-03 19:56:34,891	0	ebanking	[main]	Username entered
INFO	2023-01-03 19:56:35,026	135	ebanking	[main]	Password entered
INFO	2023-01-03 19:56:42,005	7114	ebanking	[main]	Providing customer details...
INFO	2023-01-03 19:56:47,777	12886	ebanking	[main]	Validation started...
INFO	2023-01-03 19:58:30,164	0	ebanking	[main]	Username entered
INFO	2023-01-03 19:58:30,261	97	ebanking	[main]	Password entered
INFO	2023-01-03 19:58:35,256	5092	ebanking	[main]	Providing customer details...
INFO	2023-01-03 19:58:40,950	10786	ebanking	[main]	Validation started...
INFO	2023-01-03 19:58:41,019	10855	ebanking	[main]	Testcase passes
INFO	2023-01-04 12:24:15,811	0	ebanking	[main]	BaseUrl is passed
INFO	2023-01-04 12:24:15,952	141	ebanking	[main]	Username is entered
INFO	2023-01-04 12:24:16,034	223	ebanking	[main]	Password is entered
INFO	2023-01-04 12:24:17,444	1633	ebanking	[main]	Loginbtn clicked
INFO	2023-01-04 12:24:17,454	1643	ebanking	[main]	Testcase passed
INFO	2023-01-04 12:24:24,357	8546	ebanking	[main]	Username entered
INFO	2023-01-04 12:24:24,441	8630	ebanking	[main]	Password entered
WARN	2023-01-04 12:24:29,789	13978	ebanking	[main]	Login Passed
INFO	2023-01-04 12:24:37,110	21299	ebanking	[main]	Username entered
INFO	2023-01-04 12:24:37,173	21362	ebanking	[main]	Password entered
INFO	2023-01-04 12:24:42,587	26776	ebanking	[main]	Username entered
INFO	2023-01-04 12:24:42,662	26851	ebanking	[main]	Password entered
INFO	2023-01-04 12:24:48,175	32364	ebanking	[main]	Username entered
INFO	2023-01-04 12:24:48,242	32431	ebanking	[main]	Password entered
INFO	2023-01-04 12:24:53,758	37947	ebanking	[main]	Username entered
INFO	2023-01-04 12:24:53,934	38123	ebanking	[main]	Password entered
INFO	2023-01-04 12:24:59,384	43573	ebanking	[main]	Username entered
INFO	2023-01-04 12:24:59,446	43635	ebanking	[main]	Password entered
WARN	2023-01-04 12:25:03,873	48062	ebanking	[main]	Login Passed
INFO	2023-01-04 12:25:10,378	54567	ebanking	[main]	Username entered
INFO	2023-01-04 12:25:10,447	54636	ebanking	[main]	Password entered
INFO	2023-01-04 12:25:15,864	60053	ebanking	[main]	Username entered
INFO	2023-01-04 12:25:15,926	60115	ebanking	[main]	Password entered
INFO	2023-01-04 12:25:25,908	70097	ebanking	[main]	Username entered
INFO	2023-01-04 12:25:25,984	70173	ebanking	[main]	Password entered
INFO	2023-01-04 12:25:31,530	75719	ebanking	[main]	Providing customer details...
INFO	2023-01-04 12:25:36,717	80906	ebanking	[main]	Validation started...
INFO	2023-01-04 12:25:36,756	80945	ebanking	[main]	Testcase passes
INFO	2023-01-05 14:24:26,209	0	ebanking	[main]	BaseUrl is passed
INFO	2023-01-05 14:24:26,364	155	ebanking	[main]	Username is entered
INFO	2023-01-05 14:24:26,466	257	ebanking	[main]	Password is entered
INFO	2023-01-05 14:24:27,773	1564	ebanking	[main]	Loginbtn clicked
INFO	2023-01-05 14:24:27,787	1578	ebanking	[main]	Testcase passed
INFO	2023-01-05 14:24:32,726	6517	ebanking	[main]	Username entered
INFO	2023-01-05 14:24:32,806	6597	ebanking	[main]	Password entered
WARN	2023-01-05 14:24:37,135	10926	ebanking	[main]	Login Passed
INFO	2023-01-05 14:24:43,605	17396	ebanking	[main]	Username entered
INFO	2023-01-05 14:24:43,661	17452	ebanking	[main]	Password entered
INFO	2023-01-05 14:24:48,865	22656	ebanking	[main]	Username entered
INFO	2023-01-05 14:24:48,931	22722	ebanking	[main]	Password entered
INFO	2023-01-05 14:24:54,509	28300	ebanking	[main]	Username entered
INFO	2023-01-05 14:24:54,658	28449	ebanking	[main]	Password entered
INFO	2023-01-05 14:25:00,145	33936	ebanking	[main]	Username entered
INFO	2023-01-05 14:25:00,209	34000	ebanking	[main]	Password entered
INFO	2023-01-05 14:25:05,252	39043	ebanking	[main]	Username entered
INFO	2023-01-05 14:25:05,309	39100	ebanking	[main]	Password entered
WARN	2023-01-05 14:25:09,164	42955	ebanking	[main]	Login Passed
INFO	2023-01-05 14:25:15,567	49358	ebanking	[main]	Username entered
INFO	2023-01-05 14:25:15,627	49418	ebanking	[main]	Password entered
INFO	2023-01-05 14:25:21,343	55134	ebanking	[main]	Username entered
INFO	2023-01-05 14:25:21,436	55227	ebanking	[main]	Password entered
INFO	2023-01-05 14:25:29,796	63587	ebanking	[main]	Username entered
INFO	2023-01-05 14:25:29,889	63680	ebanking	[main]	Password entered
INFO	2023-01-05 14:25:34,545	68336	ebanking	[main]	Providing customer details...
INFO	2023-01-05 14:25:39,741	73532	ebanking	[main]	Validation started...
INFO	2023-01-05 14:25:39,776	73567	ebanking	[main]	Testcase passes
INFO	2023-01-05 15:12:28,625	0	ebanking	[main]	BaseUrl is passed
INFO	2023-01-05 15:12:28,922	297	ebanking	[main]	Username is entered
INFO	2023-01-05 15:12:29,132	507	ebanking	[main]	Password is entered
INFO	2023-01-05 15:12:30,636	2011	ebanking	[main]	Loginbtn clicked
INFO	2023-01-05 15:12:30,646	2021	ebanking	[main]	Testcase passed
INFO	2023-01-05 15:12:38,884	10259	ebanking	[main]	Username entered
INFO	2023-01-05 15:12:39,002	10377	ebanking	[main]	Password entered
WARN	2023-01-05 15:12:44,660	16035	ebanking	[main]	Login Passed
INFO	2023-01-05 15:12:51,152	22527	ebanking	[main]	Username entered
INFO	2023-01-05 15:12:51,252	22627	ebanking	[main]	Password entered
INFO	2023-01-05 15:12:57,161	28536	ebanking	[main]	Username entered
INFO	2023-01-05 15:12:57,240	28615	ebanking	[main]	Password entered
INFO	2023-01-05 15:13:03,448	34823	ebanking	[main]	Username entered
INFO	2023-01-05 15:13:03,503	34878	ebanking	[main]	Password entered
INFO	2023-01-05 15:13:09,426	40801	ebanking	[main]	Username entered
INFO	2023-01-05 15:13:09,483	40858	ebanking	[main]	Password entered
INFO	2023-01-05 15:13:15,121	46496	ebanking	[main]	Username entered
INFO	2023-01-05 15:13:15,178	46553	ebanking	[main]	Password entered
WARN	2023-01-05 15:13:19,522	50897	ebanking	[main]	Login Passed
INFO	2023-01-05 15:13:26,262	57637	ebanking	[main]	Username entered
INFO	2023-01-05 15:13:26,318	57693	ebanking	[main]	Password entered
INFO	2023-01-05 15:13:32,144	63519	ebanking	[main]	Username entered
INFO	2023-01-05 15:13:32,349	63724	ebanking	[main]	Password entered
INFO	2023-01-05 15:13:45,514	76889	ebanking	[main]	Username entered
INFO	2023-01-05 15:13:45,613	76988	ebanking	[main]	Password entered
INFO	2023-01-05 15:13:51,555	82930	ebanking	[main]	Providing customer details...
INFO	2023-01-05 15:13:58,102	89477	ebanking	[main]	Validation started...
INFO	2023-01-05 15:13:58,142	89517	ebanking	[main]	Testcase passes
INFO	2023-01-05 15:17:35,075	0	ebanking	[main]	BaseUrl is passed
INFO	2023-01-05 15:17:35,282	207	ebanking	[main]	Username is entered
INFO	2023-01-05 15:17:35,364	289	ebanking	[main]	Password is entered
INFO	2023-01-05 15:17:36,777	1702	ebanking	[main]	Loginbtn clicked
INFO	2023-01-05 15:17:36,786	1711	ebanking	[main]	Testcase passed
INFO	2023-01-05 15:17:45,853	10778	ebanking	[main]	Username entered
INFO	2023-01-05 15:17:46,113	11038	ebanking	[main]	Password entered
INFO	2023-01-05 15:17:52,463	17388	ebanking	[main]	Providing customer details...
INFO	2023-01-05 15:17:59,843	24768	ebanking	[main]	Validation started...
INFO	2023-01-05 15:17:59,901	24826	ebanking	[main]	Testcase passes
INFO	2023-01-05 15:40:24,839	0	ebanking	[main]	BaseUrl is passed
INFO	2023-01-05 15:40:24,978	139	ebanking	[main]	Username is entered
INFO	2023-01-05 15:40:25,042	203	ebanking	[main]	Password is entered
INFO	2023-01-05 15:40:26,330	1491	ebanking	[main]	Loginbtn clicked
INFO	2023-01-05 15:40:26,339	1500	ebanking	[main]	Testcase passed
INFO	2023-01-05 15:40:31,897	7058	ebanking	[main]	Username entered
INFO	2023-01-05 15:40:31,963	7124	ebanking	[main]	Password entered
INFO	2023-01-05 15:40:38,119	13280	ebanking	[main]	Providing customer details...
INFO	2023-01-05 15:40:43,712	18873	ebanking	[main]	Validation started...
INFO	2023-01-05 15:40:43,746	18907	ebanking	[main]	Testcase passes
INFO	2023-01-09 10:58:38,008	0	ebanking	[main]	BaseUrl is passed
INFO	2023-01-09 10:58:38,224	216	ebanking	[main]	Username is entered
INFO	2023-01-09 10:58:38,306	298	ebanking	[main]	Password is entered
INFO	2023-01-09 10:58:39,490	1482	ebanking	[main]	Loginbtn clicked
INFO	2023-01-09 10:58:39,501	1493	ebanking	[main]	Testcase passed
INFO	2023-01-09 10:58:46,176	8168	ebanking	[main]	Username entered
INFO	2023-01-09 10:58:46,237	8229	ebanking	[main]	Password entered
INFO	2023-01-09 10:58:51,787	13779	ebanking	[main]	Providing customer details...
INFO	2023-01-09 10:58:57,902	19894	ebanking	[main]	Validation started...
INFO	2023-01-09 10:58:57,948	19940	ebanking	[main]	Testcase passes
INFO	2023-01-09 11:22:39,137	0	ebanking	[main]	BaseUrl is passed
INFO	2023-01-09 11:22:39,297	160	ebanking	[main]	Username is entered
INFO	2023-01-09 11:22:39,372	235	ebanking	[main]	Password is entered
INFO	2023-01-09 11:22:40,766	1629	ebanking	[main]	Loginbtn clicked
INFO	2023-01-09 11:22:40,778	1641	ebanking	[main]	Testcase passed
INFO	2023-01-09 11:22:46,120	6983	ebanking	[main]	Username entered
INFO	2023-01-09 11:22:46,189	7052	ebanking	[main]	Password entered
INFO	2023-01-09 11:22:52,422	13285	ebanking	[main]	Providing customer details...
INFO	2023-01-09 11:22:58,010	18873	ebanking	[main]	Validation started...
